Dash is running on http://127.0.0.1:8050/

 * Serving Flask app 'app'
 * Debug mode: off
WARNING: This is a development server. Do not use it in a production deployment. Use a production WSGI server instead.
 * Running on http://127.0.0.1:8050
Press CTRL+C to quit
127.0.0.1 - - [10/Jul/2026 11:25:35] "GET / HTTP/1.1" 200 -
[2026-07-10 11:25:35,086] ERROR in app: Exception on /_dash-update-component [POST]
Traceback (most recent call last):
  File "/usr/local/lib/python3.12/dist-packages/dash/dash.py", line 1545, in _prepare_callback
    cb = self.callback_map[output]
         ~~~~~~~~~~~~~~~~~^^^^^^^^
KeyError: 'summary-cards.children...sensor-charts.children...perf-footer.children'

The above exception was the direct cause of the following exception:

Traceback (most recent call last):
  File "/usr/local/lib/python3.12/dist-packages/flask/app.py", line 1511, in wsgi_app
    response = self.full_dispatch_request()
               ^^^^^^^^^^^^^^^^^^^^^^^^^^^^
  File "/usr/local/lib/python3.12/dist-packages/flask/app.py", line 919, in full_dispatch_request
    rv = self.handle_user_exception(e)
         ^^^^^^^^^^^^^^^^^^^^^^^^^^^^^
  File "/usr/local/lib/python3.12/dist-packages/flask/app.py", line 917, in full_dispatch_request
    rv = self.dispatch_request()
         ^^^^^^^^^^^^^^^^^^^^^^^
  File "/usr/local/lib/python3.12/dist-packages/flask/app.py", line 902, in dispatch_request
    return self.ensure_sync(self.view_functions[rule.endpoint])(**view_args)  # type: ignore[no-any-return]
           ^^^^^^^^^^^^^^^^^^^^^^^^^^^^^^^^^^^^^^^^^^^^^^^^^^^^^^^^^^^^^^^^^
  File "/usr/local/lib/python3.12/dist-packages/dash/backends/_flask.py", line 258, in _dispatch
    func = dash_app._prepare_callback(cb_ctx, body)
           ^^^^^^^^^^^^^^^^^^^^^^^^^^^^^^^^^^^^^^^^
  File "/usr/local/lib/python3.12/dist-packages/dash/dash.py", line 1579, in _prepare_callback
    raise KeyError(f"Callback function not found for output '{output}'.") from e
KeyError: "Callback function not found for output 'summary-cards.children...sensor-charts.children...perf-footer.children'."
127.0.0.1 - - [10/Jul/2026 11:25:35] "POST /_dash-update-component HTTP/1.1" 500 -
